<?xml version="1.0" encoding="UTF-8"?>
<testsuite xmlns:xsi="http://www.w3.org/2001/XMLSchema-instance" xsi:noNamespaceSchemaLocation="https://maven.apache.org/surefire/maven-surefire-plugin/xsd/surefire-test-report-3.0.xsd" version="3.0" name="com.olxapplication.test.TestCase" time="4.943" tests="3" errors="0" skipped="0" failures="0">
  <properties>
[...]
</properties>
  <testcase name="testRemoveFromFavourite" classname="com.olxapplication.test.TestCase" time="0.649">
    <system-out><![CDATA[2024-07-24T15:23:57.151+03:00  INFO 11612 --- [           main] o.s.b.d.r.RestartApplicationListener     : Restart disabled due to context in which it is running

  .   ____          _            __ _ _
 /\\ / ___'_ __ _ _(_)_ __  __ _ \ \ \ \
( ( )\___ | '_ | '_| | '_ \/ _` | \ \ \ \
 \\/  ___)| |_)| | | | | || (_| |  ) ) ) )
  '  |____| .__|_| |_|_| |_\__, | / / / /
 =========|_|==============|___/=/_/_/_/
 :: Spring Boot ::                (v3.2.3)

2024-07-24T15:23:57.198+03:00  INFO 11612 --- [           main] com.olxapplication.test.TestCase         : Starting TestCase using Java 21.0.2 with PID 11612 (started by prico in C:\Users\prico\OneDrive\Desktop\Faculta\PersonalProjects\OlxDeployed)
2024-07-24T15:23:57.201+03:00  INFO 11612 --- [           main] com.olxapplication.test.TestCase         : No active profile set, falling back to 1 default profile: "default"
2024-07-24T15:23:58.310+03:00  INFO 11612 --- [           main] .s.d.r.c.RepositoryConfigurationDelegate : Bootstrapping Spring Data JPA repositories in DEFAULT mode.
2024-07-24T15:23:58.364+03:00  INFO 11612 --- [           main] .s.d.r.c.RepositoryConfigurationDelegate : Finished Spring Data repository scanning in 52 ms. Found 5 JPA repository interfaces.
2024-07-24T15:23:59.642+03:00  INFO 11612 --- [           main] o.s.b.w.embedded.tomcat.TomcatWebServer  : Tomcat initialized with port 0 (http)
2024-07-24T15:23:59.670+03:00  INFO 11612 --- [           main] o.apache.catalina.core.StandardService   : Starting service [Tomcat]
2024-07-24T15:23:59.670+03:00  INFO 11612 --- [           main] o.apache.catalina.core.StandardEngine    : Starting Servlet engine: [Apache Tomcat/10.1.19]
2024-07-24T15:23:59.761+03:00  INFO 11612 --- [           main] o.a.c.c.C.[Tomcat].[localhost].[/]       : Initializing Spring embedded WebApplicationContext
2024-07-24T15:23:59.763+03:00  INFO 11612 --- [           main] w.s.c.ServletWebServerApplicationContext : Root WebApplicationContext: initialization completed in 2556 ms
2024-07-24T15:23:59.920+03:00  INFO 11612 --- [           main] o.hibernate.jpa.internal.util.LogHelper  : HHH000204: Processing PersistenceUnitInfo [name: default]
2024-07-24T15:23:59.938+03:00  INFO 11612 --- [           main] o.h.c.internal.RegionFactoryInitiator    : HHH000026: Second-level cache disabled
2024-07-24T15:23:59.945+03:00  INFO 11612 --- [           main] o.s.o.j.p.SpringPersistenceUnitInfo      : No LoadTimeWeaver setup: ignoring JPA class transformer
2024-07-24T15:23:59.947+03:00  INFO 11612 --- [           main] com.zaxxer.hikari.HikariDataSource       : HikariPool-2 - Starting...
2024-07-24T15:24:00.020+03:00  INFO 11612 --- [           main] com.zaxxer.hikari.pool.HikariPool        : HikariPool-2 - Added connection org.postgresql.jdbc.PgConnection@3577fd9b
2024-07-24T15:24:00.020+03:00  INFO 11612 --- [           main] com.zaxxer.hikari.HikariDataSource       : HikariPool-2 - Start completed.
2024-07-24T15:24:00.028+03:00  WARN 11612 --- [           main] org.hibernate.orm.deprecation            : HHH90000025: PostgreSQLDialect does not need to be specified explicitly using 'hibernate.dialect' (remove the property setting and it will be selected by default)
2024-07-24T15:24:00.226+03:00  INFO 11612 --- [           main] o.h.e.t.j.p.i.JtaPlatformInitiator       : HHH000489: No JTA platform available (set 'hibernate.transaction.jta.platform' to enable JTA platform integration)
2024-07-24T15:24:00.368+03:00  INFO 11612 --- [           main] j.LocalContainerEntityManagerFactoryBean : Initialized JPA EntityManagerFactory for persistence unit 'default'
2024-07-24T15:24:00.611+03:00  WARN 11612 --- [           main] JpaBaseConfiguration$JpaWebConfiguration : spring.jpa.open-in-view is enabled by default. Therefore, database queries may be performed during view rendering. Explicitly configure spring.jpa.open-in-view to disable this warning
2024-07-24T15:24:00.938+03:00  INFO 11612 --- [           main] o.a.c.c.C.[Tomcat].[localhost].[/]       : Initializing Spring TestDispatcherServlet ''
2024-07-24T15:24:00.940+03:00  INFO 11612 --- [           main] o.s.t.web.servlet.TestDispatcherServlet  : Initializing Servlet ''
2024-07-24T15:24:00.941+03:00  INFO 11612 --- [           main] o.s.t.web.servlet.TestDispatcherServlet  : Completed initialization in 1 ms
2024-07-24T15:24:01.002+03:00  INFO 11612 --- [           main] o.s.b.w.embedded.tomcat.TomcatWebServer  : Tomcat started on port 49207 (http) with context path ''
2024-07-24T15:24:01.006+03:00  INFO 11612 --- [           main] com.olxapplication.test.TestCase         : Started TestCase in 3.855 seconds (process running for 23.825)
Hibernate: select u1_0.id,u1_0.email,u1_0.favourite_id,u1_0.first_name,u1_0.last_name,u1_0.password,u1_0.role from users_table u1_0
Hibernate: select f1_0.id,f1_0.total,u1_0.id,u1_0.email,u1_0.first_name,u1_0.last_name,u1_0.password,u1_0.role from favourites_table f1_0 left join users_table u1_0 on f1_0.id=u1_0.favourite_id where f1_0.id=?
Hibernate: select f1_0.id,f1_0.total,u1_0.id,u1_0.email,u1_0.first_name,u1_0.last_name,u1_0.password,u1_0.role from favourites_table f1_0 left join users_table u1_0 on f1_0.id=u1_0.favourite_id where f1_0.id=?
Hibernate: select f1_0.id,f1_0.total,u1_0.id,u1_0.email,u1_0.first_name,u1_0.last_name,u1_0.password,u1_0.role from favourites_table f1_0 left join users_table u1_0 on f1_0.id=u1_0.favourite_id where f1_0.id=?
Hibernate: select f1_0.id,f1_0.total,u1_0.id,u1_0.email,u1_0.first_name,u1_0.last_name,u1_0.password,u1_0.role from favourites_table f1_0 left join users_table u1_0 on f1_0.id=u1_0.favourite_id where f1_0.id=?
Hibernate: select f1_0.id,f1_0.total,u1_0.id,u1_0.email,u1_0.first_name,u1_0.last_name,u1_0.password,u1_0.role from favourites_table f1_0 left join users_table u1_0 on f1_0.id=u1_0.favourite_id where f1_0.id=?
Hibernate: select f1_0.id,f1_0.total,u1_0.id,u1_0.email,u1_0.first_name,u1_0.last_name,u1_0.password,u1_0.role from favourites_table f1_0 left join users_table u1_0 on f1_0.id=u1_0.favourite_id where f1_0.id=?
Hibernate: select f1_0.id,f1_0.total,u1_0.id,u1_0.email,u1_0.first_name,u1_0.last_name,u1_0.password,u1_0.role from favourites_table f1_0 left join users_table u1_0 on f1_0.id=u1_0.favourite_id where f1_0.id=?
Hibernate: select a1_0.user_id,a1_0.id,c1_0.id,c1_0.category_name,a1_0.date,a1_0.description,a1_0.discount,a1_0.imageurl,a1_0.new_price,a1_0.price,a1_0.title from announces_table a1_0 left join categories_table c1_0 on c1_0.id=a1_0.category_id where a1_0.user_id=?
Hibernate: select f1_0.announcement_id,f1_1.id,f1_1.total,u1_0.id,u1_0.email,u1_0.first_name,u1_0.last_name,u1_0.password,u1_0.role from favourite_announcement f1_0 join favourites_table f1_1 on f1_1.id=f1_0.favourite_id left join users_table u1_0 on f1_1.id=u1_0.favourite_id where f1_0.announcement_id=?
Hibernate: select f1_0.announcement_id,f1_1.id,f1_1.total,u1_0.id,u1_0.email,u1_0.first_name,u1_0.last_name,u1_0.password,u1_0.role from favourite_announcement f1_0 join favourites_table f1_1 on f1_1.id=f1_0.favourite_id left join users_table u1_0 on f1_1.id=u1_0.favourite_id where f1_0.announcement_id=?
Hibernate: select fa1_0.favourite_id,fa1_1.id,c1_0.id,c1_0.category_name,fa1_1.date,fa1_1.description,fa1_1.discount,fa1_1.imageurl,fa1_1.new_price,fa1_1.price,fa1_1.title,u1_0.id,u1_0.email,fl1_0.id,fl1_0.total,u1_0.first_name,u1_0.last_name,u1_0.password,u1_0.role from favourite_announcement fa1_0 join announces_table fa1_1 on fa1_1.id=fa1_0.announcement_id left join categories_table c1_0 on c1_0.id=fa1_1.category_id left join users_table u1_0 on u1_0.id=fa1_1.user_id left join favourites_table fl1_0 on fl1_0.id=u1_0.favourite_id where fa1_0.favourite_id=?
Hibernate: select fa1_0.favourite_id,fa1_1.id,c1_0.id,c1_0.category_name,fa1_1.date,fa1_1.description,fa1_1.discount,fa1_1.imageurl,fa1_1.new_price,fa1_1.price,fa1_1.title,u1_0.id,u1_0.email,fl1_0.id,fl1_0.total,u1_0.first_name,u1_0.last_name,u1_0.password,u1_0.role from favourite_announcement fa1_0 join announces_table fa1_1 on fa1_1.id=fa1_0.announcement_id left join categories_table c1_0 on c1_0.id=fa1_1.category_id left join users_table u1_0 on u1_0.id=fa1_1.user_id left join favourites_table fl1_0 on fl1_0.id=u1_0.favourite_id where fa1_0.favourite_id=?
Hibernate: select rm1_0.receiver_id,rm1_0.id,rm1_0.date,rm1_0.msg,s1_0.id,s1_0.email,fl1_0.id,fl1_0.total,s1_0.first_name,s1_0.last_name,s1_0.password,s1_0.role from messages_table rm1_0 left join users_table s1_0 on s1_0.id=rm1_0.sender_id left join favourites_table fl1_0 on fl1_0.id=s1_0.favourite_id where rm1_0.receiver_id=?
Hibernate: select sm1_0.sender_id,sm1_0.id,sm1_0.date,sm1_0.msg,r1_0.id,r1_0.email,fl1_0.id,fl1_0.total,r1_0.first_name,r1_0.last_name,r1_0.password,r1_0.role from messages_table sm1_0 left join users_table r1_0 on r1_0.id=sm1_0.receiver_id left join favourites_table fl1_0 on fl1_0.id=r1_0.favourite_id where sm1_0.sender_id=?
Hibernate: select a1_0.user_id,a1_0.id,c1_0.id,c1_0.category_name,a1_0.date,a1_0.description,a1_0.discount,a1_0.imageurl,a1_0.new_price,a1_0.price,a1_0.title from announces_table a1_0 left join categories_table c1_0 on c1_0.id=a1_0.category_id where a1_0.user_id=?
Hibernate: select f1_0.announcement_id,f1_1.id,f1_1.total,u1_0.id,u1_0.email,u1_0.first_name,u1_0.last_name,u1_0.password,u1_0.role from favourite_announcement f1_0 join favourites_table f1_1 on f1_1.id=f1_0.favourite_id left join users_table u1_0 on f1_1.id=u1_0.favourite_id where f1_0.announcement_id=?
Hibernate: select fa1_0.favourite_id,fa1_1.id,c1_0.id,c1_0.category_name,fa1_1.date,fa1_1.description,fa1_1.discount,fa1_1.imageurl,fa1_1.new_price,fa1_1.price,fa1_1.title,u1_0.id,u1_0.email,fl1_0.id,fl1_0.total,u1_0.first_name,u1_0.last_name,u1_0.password,u1_0.role from favourite_announcement fa1_0 join announces_table fa1_1 on fa1_1.id=fa1_0.announcement_id left join categories_table c1_0 on c1_0.id=fa1_1.category_id left join users_table u1_0 on u1_0.id=fa1_1.user_id left join favourites_table fl1_0 on fl1_0.id=u1_0.favourite_id where fa1_0.favourite_id=?
Hibernate: select f1_0.announcement_id,f1_1.id,f1_1.total,u1_0.id,u1_0.email,u1_0.first_name,u1_0.last_name,u1_0.password,u1_0.role from favourite_announcement f1_0 join favourites_table f1_1 on f1_1.id=f1_0.favourite_id left join users_table u1_0 on f1_1.id=u1_0.favourite_id where f1_0.announcement_id=?
Hibernate: select rm1_0.receiver_id,rm1_0.id,rm1_0.date,rm1_0.msg,s1_0.id,s1_0.email,fl1_0.id,fl1_0.total,s1_0.first_name,s1_0.last_name,s1_0.password,s1_0.role from messages_table rm1_0 left join users_table s1_0 on s1_0.id=rm1_0.sender_id left join favourites_table fl1_0 on fl1_0.id=s1_0.favourite_id where rm1_0.receiver_id=?
Hibernate: select sm1_0.sender_id,sm1_0.id,sm1_0.date,sm1_0.msg,r1_0.id,r1_0.email,fl1_0.id,fl1_0.total,r1_0.first_name,r1_0.last_name,r1_0.password,r1_0.role from messages_table sm1_0 left join users_table r1_0 on r1_0.id=sm1_0.receiver_id left join favourites_table fl1_0 on fl1_0.id=r1_0.favourite_id where sm1_0.sender_id=?
Hibernate: select a1_0.user_id,a1_0.id,c1_0.id,c1_0.category_name,a1_0.date,a1_0.description,a1_0.discount,a1_0.imageurl,a1_0.new_price,a1_0.price,a1_0.title from announces_table a1_0 left join categories_table c1_0 on c1_0.id=a1_0.category_id where a1_0.user_id=?
Hibernate: select f1_0.announcement_id,f1_1.id,f1_1.total,u1_0.id,u1_0.email,u1_0.first_name,u1_0.last_name,u1_0.password,u1_0.role from favourite_announcement f1_0 join favourites_table f1_1 on f1_1.id=f1_0.favourite_id left join users_table u1_0 on f1_1.id=u1_0.favourite_id where f1_0.announcement_id=?
Hibernate: select f1_0.announcement_id,f1_1.id,f1_1.total,u1_0.id,u1_0.email,u1_0.first_name,u1_0.last_name,u1_0.password,u1_0.role from favourite_announcement f1_0 join favourites_table f1_1 on f1_1.id=f1_0.favourite_id left join users_table u1_0 on f1_1.id=u1_0.favourite_id where f1_0.announcement_id=?
Hibernate: select f1_0.announcement_id,f1_1.id,f1_1.total,u1_0.id,u1_0.email,u1_0.first_name,u1_0.last_name,u1_0.password,u1_0.role from favourite_announcement f1_0 join favourites_table f1_1 on f1_1.id=f1_0.favourite_id left join users_table u1_0 on f1_1.id=u1_0.favourite_id where f1_0.announcement_id=?
Hibernate: select rm1_0.receiver_id,rm1_0.id,rm1_0.date,rm1_0.msg,s1_0.id,s1_0.email,fl1_0.id,fl1_0.total,s1_0.first_name,s1_0.last_name,s1_0.password,s1_0.role from messages_table rm1_0 left join users_table s1_0 on s1_0.id=rm1_0.sender_id left join favourites_table fl1_0 on fl1_0.id=s1_0.favourite_id where rm1_0.receiver_id=?
Hibernate: select sm1_0.sender_id,sm1_0.id,sm1_0.date,sm1_0.msg,r1_0.id,r1_0.email,fl1_0.id,fl1_0.total,r1_0.first_name,r1_0.last_name,r1_0.password,r1_0.role from messages_table sm1_0 left join users_table r1_0 on r1_0.id=sm1_0.receiver_id left join favourites_table fl1_0 on fl1_0.id=r1_0.favourite_id where sm1_0.sender_id=?
Hibernate: select a1_0.user_id,a1_0.id,c1_0.id,c1_0.category_name,a1_0.date,a1_0.description,a1_0.discount,a1_0.imageurl,a1_0.new_price,a1_0.price,a1_0.title from announces_table a1_0 left join categories_table c1_0 on c1_0.id=a1_0.category_id where a1_0.user_id=?
Hibernate: select rm1_0.receiver_id,rm1_0.id,rm1_0.date,rm1_0.msg,s1_0.id,s1_0.email,fl1_0.id,fl1_0.total,s1_0.first_name,s1_0.last_name,s1_0.password,s1_0.role from messages_table rm1_0 left join users_table s1_0 on s1_0.id=rm1_0.sender_id left join favourites_table fl1_0 on fl1_0.id=s1_0.favourite_id where rm1_0.receiver_id=?
Hibernate: select sm1_0.sender_id,sm1_0.id,sm1_0.date,sm1_0.msg,r1_0.id,r1_0.email,fl1_0.id,fl1_0.total,r1_0.first_name,r1_0.last_name,r1_0.password,r1_0.role from messages_table sm1_0 left join users_table r1_0 on r1_0.id=sm1_0.receiver_id left join favourites_table fl1_0 on fl1_0.id=r1_0.favourite_id where sm1_0.sender_id=?
Hibernate: select a1_0.user_id,a1_0.id,c1_0.id,c1_0.category_name,a1_0.date,a1_0.description,a1_0.discount,a1_0.imageurl,a1_0.new_price,a1_0.price,a1_0.title from announces_table a1_0 left join categories_table c1_0 on c1_0.id=a1_0.category_id where a1_0.user_id=?
Hibernate: select rm1_0.receiver_id,rm1_0.id,rm1_0.date,rm1_0.msg,s1_0.id,s1_0.email,fl1_0.id,fl1_0.total,s1_0.first_name,s1_0.last_name,s1_0.password,s1_0.role from messages_table rm1_0 left join users_table s1_0 on s1_0.id=rm1_0.sender_id left join favourites_table fl1_0 on fl1_0.id=s1_0.favourite_id where rm1_0.receiver_id=?
Hibernate: select sm1_0.sender_id,sm1_0.id,sm1_0.date,sm1_0.msg,r1_0.id,r1_0.email,fl1_0.id,fl1_0.total,r1_0.first_name,r1_0.last_name,r1_0.password,r1_0.role from messages_table sm1_0 left join users_table r1_0 on r1_0.id=sm1_0.receiver_id left join favourites_table fl1_0 on fl1_0.id=r1_0.favourite_id where sm1_0.sender_id=?
Hibernate: select a1_0.user_id,a1_0.id,c1_0.id,c1_0.category_name,a1_0.date,a1_0.description,a1_0.discount,a1_0.imageurl,a1_0.new_price,a1_0.price,a1_0.title from announces_table a1_0 left join categories_table c1_0 on c1_0.id=a1_0.category_id where a1_0.user_id=?
Hibernate: select rm1_0.receiver_id,rm1_0.id,rm1_0.date,rm1_0.msg,s1_0.id,s1_0.email,fl1_0.id,fl1_0.total,s1_0.first_name,s1_0.last_name,s1_0.password,s1_0.role from messages_table rm1_0 left join users_table s1_0 on s1_0.id=rm1_0.sender_id left join favourites_table fl1_0 on fl1_0.id=s1_0.favourite_id where rm1_0.receiver_id=?
Hibernate: select sm1_0.sender_id,sm1_0.id,sm1_0.date,sm1_0.msg,r1_0.id,r1_0.email,fl1_0.id,fl1_0.total,r1_0.first_name,r1_0.last_name,r1_0.password,r1_0.role from messages_table sm1_0 left join users_table r1_0 on r1_0.id=sm1_0.receiver_id left join favourites_table fl1_0 on fl1_0.id=r1_0.favourite_id where sm1_0.sender_id=?
Hibernate: select a1_0.user_id,a1_0.id,c1_0.id,c1_0.category_name,a1_0.date,a1_0.description,a1_0.discount,a1_0.imageurl,a1_0.new_price,a1_0.price,a1_0.title from announces_table a1_0 left join categories_table c1_0 on c1_0.id=a1_0.category_id where a1_0.user_id=?
Hibernate: select rm1_0.receiver_id,rm1_0.id,rm1_0.date,rm1_0.msg,s1_0.id,s1_0.email,fl1_0.id,fl1_0.total,s1_0.first_name,s1_0.last_name,s1_0.password,s1_0.role from messages_table rm1_0 left join users_table s1_0 on s1_0.id=rm1_0.sender_id left join favourites_table fl1_0 on fl1_0.id=s1_0.favourite_id where rm1_0.receiver_id=?
Hibernate: select sm1_0.sender_id,sm1_0.id,sm1_0.date,sm1_0.msg,r1_0.id,r1_0.email,fl1_0.id,fl1_0.total,r1_0.first_name,r1_0.last_name,r1_0.password,r1_0.role from messages_table sm1_0 left join users_table r1_0 on r1_0.id=sm1_0.receiver_id left join favourites_table fl1_0 on fl1_0.id=r1_0.favourite_id where sm1_0.sender_id=?
Hibernate: select a1_0.user_id,a1_0.id,c1_0.id,c1_0.category_name,a1_0.date,a1_0.description,a1_0.discount,a1_0.imageurl,a1_0.new_price,a1_0.price,a1_0.title from announces_table a1_0 left join categories_table c1_0 on c1_0.id=a1_0.category_id where a1_0.user_id=?
Hibernate: select rm1_0.receiver_id,rm1_0.id,rm1_0.date,rm1_0.msg,s1_0.id,s1_0.email,fl1_0.id,fl1_0.total,s1_0.first_name,s1_0.last_name,s1_0.password,s1_0.role from messages_table rm1_0 left join users_table s1_0 on s1_0.id=rm1_0.sender_id left join favourites_table fl1_0 on fl1_0.id=s1_0.favourite_id where rm1_0.receiver_id=?
Hibernate: select sm1_0.sender_id,sm1_0.id,sm1_0.date,sm1_0.msg,r1_0.id,r1_0.email,fl1_0.id,fl1_0.total,r1_0.first_name,r1_0.last_name,r1_0.password,r1_0.role from messages_table sm1_0 left join users_table r1_0 on r1_0.id=sm1_0.receiver_id left join favourites_table fl1_0 on fl1_0.id=r1_0.favourite_id where sm1_0.sender_id=?
Hibernate: delete from favourite_announcement where favourite_id=?
Hibernate: delete from favourite_announcement where favourite_id=?
Hibernate: delete from favourite_announcement where favourite_id=?
Hibernate: delete from favourite_announcement where favourite_id=?
Hibernate: delete from favourite_announcement where favourite_id=?
Hibernate: delete from favourite_announcement where favourite_id=?
Hibernate: delete from favourite_announcement where favourite_id=?
Hibernate: delete from announces_table where id=?
Hibernate: delete from announces_table where id=?
Hibernate: delete from messages_table where id=?
Hibernate: delete from messages_table where id=?
Hibernate: delete from users_table where id=?
Hibernate: delete from favourites_table where id=?
Hibernate: delete from announces_table where id=?
Hibernate: delete from announces_table where id=?
Hibernate: delete from messages_table where id=?
Hibernate: delete from messages_table where id=?
Hibernate: delete from messages_table where id=?
Hibernate: delete from messages_table where id=?
Hibernate: delete from messages_table where id=?
Hibernate: delete from users_table where id=?
Hibernate: delete from favourites_table where id=?
Hibernate: delete from announces_table where id=?
Hibernate: delete from announces_table where id=?
Hibernate: delete from announces_table where id=?
Hibernate: delete from users_table where id=?
Hibernate: delete from favourites_table where id=?
Hibernate: delete from users_table where id=?
Hibernate: delete from favourites_table where id=?
Hibernate: delete from users_table where id=?
Hibernate: delete from favourites_table where id=?
Hibernate: delete from users_table where id=?
Hibernate: delete from favourites_table where id=?
Hibernate: delete from users_table where id=?
Hibernate: delete from favourites_table where id=?
Hibernate: delete from users_table where id=?
Hibernate: select f1_0.id,f1_0.total from favourites_table f1_0
Hibernate: select u1_0.id from users_table u1_0 where upper(u1_0.email)=upper(?) fetch first ? rows only
Hibernate: insert into users_table (email,favourite_id,first_name,last_name,password,role,id) values (?,?,?,?,?,?,?)
Hibernate: insert into favourites_table (total,id) values (?,?)
Hibernate: update users_table set email=?,favourite_id=?,first_name=?,last_name=?,password=?,role=? where id=?
Hibernate: select u1_0.id from users_table u1_0 where upper(u1_0.email)=upper(?) fetch first ? rows only
Hibernate: insert into users_table (email,favourite_id,first_name,last_name,password,role,id) values (?,?,?,?,?,?,?)
Hibernate: insert into favourites_table (total,id) values (?,?)
Hibernate: update users_table set email=?,favourite_id=?,first_name=?,last_name=?,password=?,role=? where id=?
Hibernate: select u1_0.id,u1_0.email,u1_0.favourite_id,u1_0.first_name,u1_0.last_name,u1_0.password,u1_0.role from users_table u1_0
User{id='2fe0841a-b395-4e3d-8082-83828d80622d', firstName='Andrei', lastName='Pop', favouriteList=4fffbbcf-9f30-45e6-952d-7c7feb94f032}
User{id='be42d49a-9a09-4f80-81d1-83aacb70262e', firstName='Ana', lastName='Moldovan', favouriteList=1892c12c-2242-4cf8-889d-14ab1c008451}
Hibernate: insert into categories_table (category_name,id) values (?,?)
Hibernate: select c1_0.id,c1_0.category_name from categories_table c1_0
Hibernate: select a1_0.category_id,a1_0.id,a1_0.date,a1_0.description,a1_0.discount,a1_0.imageurl,a1_0.new_price,a1_0.price,a1_0.title,u1_0.id,u1_0.email,fl1_0.id,fl1_0.total,u1_0.first_name,u1_0.last_name,u1_0.password,u1_0.role from announces_table a1_0 left join users_table u1_0 on u1_0.id=a1_0.user_id left join favourites_table fl1_0 on fl1_0.id=u1_0.favourite_id where a1_0.category_id=?
Hibernate: select a1_0.category_id,a1_0.id,a1_0.date,a1_0.description,a1_0.discount,a1_0.imageurl,a1_0.new_price,a1_0.price,a1_0.title,u1_0.id,u1_0.email,fl1_0.id,fl1_0.total,u1_0.first_name,u1_0.last_name,u1_0.password,u1_0.role from announces_table a1_0 left join users_table u1_0 on u1_0.id=a1_0.user_id left join favourites_table fl1_0 on fl1_0.id=u1_0.favourite_id where a1_0.category_id=?
Hibernate: select a1_0.category_id,a1_0.id,a1_0.date,a1_0.description,a1_0.discount,a1_0.imageurl,a1_0.new_price,a1_0.price,a1_0.title,u1_0.id,u1_0.email,fl1_0.id,fl1_0.total,u1_0.first_name,u1_0.last_name,u1_0.password,u1_0.role from announces_table a1_0 left join users_table u1_0 on u1_0.id=a1_0.user_id left join favourites_table fl1_0 on fl1_0.id=u1_0.favourite_id where a1_0.category_id=?
Hibernate: select a1_0.category_id,a1_0.id,a1_0.date,a1_0.description,a1_0.discount,a1_0.imageurl,a1_0.new_price,a1_0.price,a1_0.title,u1_0.id,u1_0.email,fl1_0.id,fl1_0.total,u1_0.first_name,u1_0.last_name,u1_0.password,u1_0.role from announces_table a1_0 left join users_table u1_0 on u1_0.id=a1_0.user_id left join favourites_table fl1_0 on fl1_0.id=u1_0.favourite_id where a1_0.category_id=?
Hibernate: select a1_0.category_id,a1_0.id,a1_0.date,a1_0.description,a1_0.discount,a1_0.imageurl,a1_0.new_price,a1_0.price,a1_0.title,u1_0.id,u1_0.email,fl1_0.id,fl1_0.total,u1_0.first_name,u1_0.last_name,u1_0.password,u1_0.role from announces_table a1_0 left join users_table u1_0 on u1_0.id=a1_0.user_id left join favourites_table fl1_0 on fl1_0.id=u1_0.favourite_id where a1_0.category_id=?
Hibernate: select a1_0.category_id,a1_0.id,a1_0.date,a1_0.description,a1_0.discount,a1_0.imageurl,a1_0.new_price,a1_0.price,a1_0.title,u1_0.id,u1_0.email,fl1_0.id,fl1_0.total,u1_0.first_name,u1_0.last_name,u1_0.password,u1_0.role from announces_table a1_0 left join users_table u1_0 on u1_0.id=a1_0.user_id left join favourites_table fl1_0 on fl1_0.id=u1_0.favourite_id where a1_0.category_id=?
Hibernate: select a1_0.category_id,a1_0.id,a1_0.date,a1_0.description,a1_0.discount,a1_0.imageurl,a1_0.new_price,a1_0.price,a1_0.title,u1_0.id,u1_0.email,fl1_0.id,fl1_0.total,u1_0.first_name,u1_0.last_name,u1_0.password,u1_0.role from announces_table a1_0 left join users_table u1_0 on u1_0.id=a1_0.user_id left join favourites_table fl1_0 on fl1_0.id=u1_0.favourite_id where a1_0.category_id=?
Hibernate: select a1_0.category_id,a1_0.id,a1_0.date,a1_0.description,a1_0.discount,a1_0.imageurl,a1_0.new_price,a1_0.price,a1_0.title,u1_0.id,u1_0.email,fl1_0.id,fl1_0.total,u1_0.first_name,u1_0.last_name,u1_0.password,u1_0.role from announces_table a1_0 left join users_table u1_0 on u1_0.id=a1_0.user_id left join favourites_table fl1_0 on fl1_0.id=u1_0.favourite_id where a1_0.category_id=?
Hibernate: insert into announces_table (category_id,date,description,discount,imageurl,new_price,price,title,user_id,id) values (?,?,?,?,?,?,?,?,?,?)
Hibernate: select a1_0.id,a1_0.category_id,a1_0.date,a1_0.description,a1_0.discount,a1_0.imageurl,a1_0.new_price,a1_0.price,a1_0.title,a1_0.user_id from announces_table a1_0 left join users_table u1_0 on u1_0.id=a1_0.user_id where u1_0.id=?
Hibernate: select f1_0.id,f1_0.total from favourites_table f1_0 left join users_table u1_0 on f1_0.id=u1_0.favourite_id where u1_0.id=?
Hibernate: update favourites_table set total=? where id=?
Hibernate: insert into favourite_announcement (favourite_id,announcement_id) values (?,?)
Hibernate: select f1_0.id,f1_0.total from favourites_table f1_0 left join users_table u1_0 on f1_0.id=u1_0.favourite_id where u1_0.id=?
Hibernate: select u1_0.id,u1_0.email,u1_0.favourite_id,u1_0.first_name,u1_0.last_name,u1_0.password,u1_0.role from users_table u1_0
User{id='2fe0841a-b395-4e3d-8082-83828d80622d', firstName='Andrei', lastName='Pop', favouriteList=4fffbbcf-9f30-45e6-952d-7c7feb94f032}
User{id='be42d49a-9a09-4f80-81d1-83aacb70262e', firstName='Ana', lastName='Moldovan', favouriteList=1892c12c-2242-4cf8-889d-14ab1c008451}
Hibernate: update favourites_table set total=? where id=?
Hibernate: delete from favourite_announcement where favourite_id=?
Hibernate: select f1_0.id,f1_0.total from favourites_table f1_0 left join users_table u1_0 on f1_0.id=u1_0.favourite_id where u1_0.id=?
1892c12c-2242-4cf8-889d-14ab1c008451
]]></system-out>
  </testcase>
  <testcase name="testSendMessage" classname="com.olxapplication.test.TestCase" time="0.13">
    <system-out><![CDATA[Hibernate: select u1_0.id,u1_0.email,u1_0.favourite_id,u1_0.first_name,u1_0.last_name,u1_0.password,u1_0.role from users_table u1_0
Hibernate: select f1_0.id,f1_0.total,u1_0.id,u1_0.email,u1_0.first_name,u1_0.last_name,u1_0.password,u1_0.role from favourites_table f1_0 left join users_table u1_0 on f1_0.id=u1_0.favourite_id where f1_0.id=?
Hibernate: select f1_0.id,f1_0.total,u1_0.id,u1_0.email,u1_0.first_name,u1_0.last_name,u1_0.password,u1_0.role from favourites_table f1_0 left join users_table u1_0 on f1_0.id=u1_0.favourite_id where f1_0.id=?
Hibernate: select f1_0.id,f1_0.total,u1_0.id,u1_0.email,u1_0.first_name,u1_0.last_name,u1_0.password,u1_0.role from favourites_table f1_0 left join users_table u1_0 on f1_0.id=u1_0.favourite_id where f1_0.id=?
Hibernate: select f1_0.id,f1_0.total,u1_0.id,u1_0.email,u1_0.first_name,u1_0.last_name,u1_0.password,u1_0.role from favourites_table f1_0 left join users_table u1_0 on f1_0.id=u1_0.favourite_id where f1_0.id=?
Hibernate: select f1_0.id,f1_0.total,u1_0.id,u1_0.email,u1_0.first_name,u1_0.last_name,u1_0.password,u1_0.role from favourites_table f1_0 left join users_table u1_0 on f1_0.id=u1_0.favourite_id where f1_0.id=?
Hibernate: select f1_0.id,f1_0.total,u1_0.id,u1_0.email,u1_0.first_name,u1_0.last_name,u1_0.password,u1_0.role from favourites_table f1_0 left join users_table u1_0 on f1_0.id=u1_0.favourite_id where f1_0.id=?
Hibernate: select f1_0.id,f1_0.total,u1_0.id,u1_0.email,u1_0.first_name,u1_0.last_name,u1_0.password,u1_0.role from favourites_table f1_0 left join users_table u1_0 on f1_0.id=u1_0.favourite_id where f1_0.id=?
Hibernate: select a1_0.user_id,a1_0.id,c1_0.id,c1_0.category_name,a1_0.date,a1_0.description,a1_0.discount,a1_0.imageurl,a1_0.new_price,a1_0.price,a1_0.title from announces_table a1_0 left join categories_table c1_0 on c1_0.id=a1_0.category_id where a1_0.user_id=?
Hibernate: select f1_0.announcement_id,f1_1.id,f1_1.total,u1_0.id,u1_0.email,u1_0.first_name,u1_0.last_name,u1_0.password,u1_0.role from favourite_announcement f1_0 join favourites_table f1_1 on f1_1.id=f1_0.favourite_id left join users_table u1_0 on f1_1.id=u1_0.favourite_id where f1_0.announcement_id=?
Hibernate: select f1_0.announcement_id,f1_1.id,f1_1.total,u1_0.id,u1_0.email,u1_0.first_name,u1_0.last_name,u1_0.password,u1_0.role from favourite_announcement f1_0 join favourites_table f1_1 on f1_1.id=f1_0.favourite_id left join users_table u1_0 on f1_1.id=u1_0.favourite_id where f1_0.announcement_id=?
Hibernate: select fa1_0.favourite_id,fa1_1.id,c1_0.id,c1_0.category_name,fa1_1.date,fa1_1.description,fa1_1.discount,fa1_1.imageurl,fa1_1.new_price,fa1_1.price,fa1_1.title,u1_0.id,u1_0.email,fl1_0.id,fl1_0.total,u1_0.first_name,u1_0.last_name,u1_0.password,u1_0.role from favourite_announcement fa1_0 join announces_table fa1_1 on fa1_1.id=fa1_0.announcement_id left join categories_table c1_0 on c1_0.id=fa1_1.category_id left join users_table u1_0 on u1_0.id=fa1_1.user_id left join favourites_table fl1_0 on fl1_0.id=u1_0.favourite_id where fa1_0.favourite_id=?
Hibernate: select fa1_0.favourite_id,fa1_1.id,c1_0.id,c1_0.category_name,fa1_1.date,fa1_1.description,fa1_1.discount,fa1_1.imageurl,fa1_1.new_price,fa1_1.price,fa1_1.title,u1_0.id,u1_0.email,fl1_0.id,fl1_0.total,u1_0.first_name,u1_0.last_name,u1_0.password,u1_0.role from favourite_announcement fa1_0 join announces_table fa1_1 on fa1_1.id=fa1_0.announcement_id left join categories_table c1_0 on c1_0.id=fa1_1.category_id left join users_table u1_0 on u1_0.id=fa1_1.user_id left join favourites_table fl1_0 on fl1_0.id=u1_0.favourite_id where fa1_0.favourite_id=?
Hibernate: select rm1_0.receiver_id,rm1_0.id,rm1_0.date,rm1_0.msg,s1_0.id,s1_0.email,fl1_0.id,fl1_0.total,s1_0.first_name,s1_0.last_name,s1_0.password,s1_0.role from messages_table rm1_0 left join users_table s1_0 on s1_0.id=rm1_0.sender_id left join favourites_table fl1_0 on fl1_0.id=s1_0.favourite_id where rm1_0.receiver_id=?
Hibernate: select sm1_0.sender_id,sm1_0.id,sm1_0.date,sm1_0.msg,r1_0.id,r1_0.email,fl1_0.id,fl1_0.total,r1_0.first_name,r1_0.last_name,r1_0.password,r1_0.role from messages_table sm1_0 left join users_table r1_0 on r1_0.id=sm1_0.receiver_id left join favourites_table fl1_0 on fl1_0.id=r1_0.favourite_id where sm1_0.sender_id=?
Hibernate: select a1_0.user_id,a1_0.id,c1_0.id,c1_0.category_name,a1_0.date,a1_0.description,a1_0.discount,a1_0.imageurl,a1_0.new_price,a1_0.price,a1_0.title from announces_table a1_0 left join categories_table c1_0 on c1_0.id=a1_0.category_id where a1_0.user_id=?
Hibernate: select f1_0.announcement_id,f1_1.id,f1_1.total,u1_0.id,u1_0.email,u1_0.first_name,u1_0.last_name,u1_0.password,u1_0.role from favourite_announcement f1_0 join favourites_table f1_1 on f1_1.id=f1_0.favourite_id left join users_table u1_0 on f1_1.id=u1_0.favourite_id where f1_0.announcement_id=?
Hibernate: select fa1_0.favourite_id,fa1_1.id,c1_0.id,c1_0.category_name,fa1_1.date,fa1_1.description,fa1_1.discount,fa1_1.imageurl,fa1_1.new_price,fa1_1.price,fa1_1.title,u1_0.id,u1_0.email,fl1_0.id,fl1_0.total,u1_0.first_name,u1_0.last_name,u1_0.password,u1_0.role from favourite_announcement fa1_0 join announces_table fa1_1 on fa1_1.id=fa1_0.announcement_id left join categories_table c1_0 on c1_0.id=fa1_1.category_id left join users_table u1_0 on u1_0.id=fa1_1.user_id left join favourites_table fl1_0 on fl1_0.id=u1_0.favourite_id where fa1_0.favourite_id=?
Hibernate: select f1_0.announcement_id,f1_1.id,f1_1.total,u1_0.id,u1_0.email,u1_0.first_name,u1_0.last_name,u1_0.password,u1_0.role from favourite_announcement f1_0 join favourites_table f1_1 on f1_1.id=f1_0.favourite_id left join users_table u1_0 on f1_1.id=u1_0.favourite_id where f1_0.announcement_id=?
Hibernate: select rm1_0.receiver_id,rm1_0.id,rm1_0.date,rm1_0.msg,s1_0.id,s1_0.email,fl1_0.id,fl1_0.total,s1_0.first_name,s1_0.last_name,s1_0.password,s1_0.role from messages_table rm1_0 left join users_table s1_0 on s1_0.id=rm1_0.sender_id left join favourites_table fl1_0 on fl1_0.id=s1_0.favourite_id where rm1_0.receiver_id=?
Hibernate: select sm1_0.sender_id,sm1_0.id,sm1_0.date,sm1_0.msg,r1_0.id,r1_0.email,fl1_0.id,fl1_0.total,r1_0.first_name,r1_0.last_name,r1_0.password,r1_0.role from messages_table sm1_0 left join users_table r1_0 on r1_0.id=sm1_0.receiver_id left join favourites_table fl1_0 on fl1_0.id=r1_0.favourite_id where sm1_0.sender_id=?
Hibernate: select a1_0.user_id,a1_0.id,c1_0.id,c1_0.category_name,a1_0.date,a1_0.description,a1_0.discount,a1_0.imageurl,a1_0.new_price,a1_0.price,a1_0.title from announces_table a1_0 left join categories_table c1_0 on c1_0.id=a1_0.category_id where a1_0.user_id=?
Hibernate: select f1_0.announcement_id,f1_1.id,f1_1.total,u1_0.id,u1_0.email,u1_0.first_name,u1_0.last_name,u1_0.password,u1_0.role from favourite_announcement f1_0 join favourites_table f1_1 on f1_1.id=f1_0.favourite_id left join users_table u1_0 on f1_1.id=u1_0.favourite_id where f1_0.announcement_id=?
Hibernate: select f1_0.announcement_id,f1_1.id,f1_1.total,u1_0.id,u1_0.email,u1_0.first_name,u1_0.last_name,u1_0.password,u1_0.role from favourite_announcement f1_0 join favourites_table f1_1 on f1_1.id=f1_0.favourite_id left join users_table u1_0 on f1_1.id=u1_0.favourite_id where f1_0.announcement_id=?
Hibernate: select f1_0.announcement_id,f1_1.id,f1_1.total,u1_0.id,u1_0.email,u1_0.first_name,u1_0.last_name,u1_0.password,u1_0.role from favourite_announcement f1_0 join favourites_table f1_1 on f1_1.id=f1_0.favourite_id left join users_table u1_0 on f1_1.id=u1_0.favourite_id where f1_0.announcement_id=?
Hibernate: select rm1_0.receiver_id,rm1_0.id,rm1_0.date,rm1_0.msg,s1_0.id,s1_0.email,fl1_0.id,fl1_0.total,s1_0.first_name,s1_0.last_name,s1_0.password,s1_0.role from messages_table rm1_0 left join users_table s1_0 on s1_0.id=rm1_0.sender_id left join favourites_table fl1_0 on fl1_0.id=s1_0.favourite_id where rm1_0.receiver_id=?
Hibernate: select sm1_0.sender_id,sm1_0.id,sm1_0.date,sm1_0.msg,r1_0.id,r1_0.email,fl1_0.id,fl1_0.total,r1_0.first_name,r1_0.last_name,r1_0.password,r1_0.role from messages_table sm1_0 left join users_table r1_0 on r1_0.id=sm1_0.receiver_id left join favourites_table fl1_0 on fl1_0.id=r1_0.favourite_id where sm1_0.sender_id=?
Hibernate: select a1_0.user_id,a1_0.id,c1_0.id,c1_0.category_name,a1_0.date,a1_0.description,a1_0.discount,a1_0.imageurl,a1_0.new_price,a1_0.price,a1_0.title from announces_table a1_0 left join categories_table c1_0 on c1_0.id=a1_0.category_id where a1_0.user_id=?
Hibernate: select rm1_0.receiver_id,rm1_0.id,rm1_0.date,rm1_0.msg,s1_0.id,s1_0.email,fl1_0.id,fl1_0.total,s1_0.first_name,s1_0.last_name,s1_0.password,s1_0.role from messages_table rm1_0 left join users_table s1_0 on s1_0.id=rm1_0.sender_id left join favourites_table fl1_0 on fl1_0.id=s1_0.favourite_id where rm1_0.receiver_id=?
Hibernate: select sm1_0.sender_id,sm1_0.id,sm1_0.date,sm1_0.msg,r1_0.id,r1_0.email,fl1_0.id,fl1_0.total,r1_0.first_name,r1_0.last_name,r1_0.password,r1_0.role from messages_table sm1_0 left join users_table r1_0 on r1_0.id=sm1_0.receiver_id left join favourites_table fl1_0 on fl1_0.id=r1_0.favourite_id where sm1_0.sender_id=?
Hibernate: select a1_0.user_id,a1_0.id,c1_0.id,c1_0.category_name,a1_0.date,a1_0.description,a1_0.discount,a1_0.imageurl,a1_0.new_price,a1_0.price,a1_0.title from announces_table a1_0 left join categories_table c1_0 on c1_0.id=a1_0.category_id where a1_0.user_id=?
Hibernate: select rm1_0.receiver_id,rm1_0.id,rm1_0.date,rm1_0.msg,s1_0.id,s1_0.email,fl1_0.id,fl1_0.total,s1_0.first_name,s1_0.last_name,s1_0.password,s1_0.role from messages_table rm1_0 left join users_table s1_0 on s1_0.id=rm1_0.sender_id left join favourites_table fl1_0 on fl1_0.id=s1_0.favourite_id where rm1_0.receiver_id=?
Hibernate: select sm1_0.sender_id,sm1_0.id,sm1_0.date,sm1_0.msg,r1_0.id,r1_0.email,fl1_0.id,fl1_0.total,r1_0.first_name,r1_0.last_name,r1_0.password,r1_0.role from messages_table sm1_0 left join users_table r1_0 on r1_0.id=sm1_0.receiver_id left join favourites_table fl1_0 on fl1_0.id=r1_0.favourite_id where sm1_0.sender_id=?
Hibernate: select a1_0.user_id,a1_0.id,c1_0.id,c1_0.category_name,a1_0.date,a1_0.description,a1_0.discount,a1_0.imageurl,a1_0.new_price,a1_0.price,a1_0.title from announces_table a1_0 left join categories_table c1_0 on c1_0.id=a1_0.category_id where a1_0.user_id=?
Hibernate: select rm1_0.receiver_id,rm1_0.id,rm1_0.date,rm1_0.msg,s1_0.id,s1_0.email,fl1_0.id,fl1_0.total,s1_0.first_name,s1_0.last_name,s1_0.password,s1_0.role from messages_table rm1_0 left join users_table s1_0 on s1_0.id=rm1_0.sender_id left join favourites_table fl1_0 on fl1_0.id=s1_0.favourite_id where rm1_0.receiver_id=?
Hibernate: select sm1_0.sender_id,sm1_0.id,sm1_0.date,sm1_0.msg,r1_0.id,r1_0.email,fl1_0.id,fl1_0.total,r1_0.first_name,r1_0.last_name,r1_0.password,r1_0.role from messages_table sm1_0 left join users_table r1_0 on r1_0.id=sm1_0.receiver_id left join favourites_table fl1_0 on fl1_0.id=r1_0.favourite_id where sm1_0.sender_id=?
Hibernate: select a1_0.user_id,a1_0.id,c1_0.id,c1_0.category_name,a1_0.date,a1_0.description,a1_0.discount,a1_0.imageurl,a1_0.new_price,a1_0.price,a1_0.title from announces_table a1_0 left join categories_table c1_0 on c1_0.id=a1_0.category_id where a1_0.user_id=?
Hibernate: select rm1_0.receiver_id,rm1_0.id,rm1_0.date,rm1_0.msg,s1_0.id,s1_0.email,fl1_0.id,fl1_0.total,s1_0.first_name,s1_0.last_name,s1_0.password,s1_0.role from messages_table rm1_0 left join users_table s1_0 on s1_0.id=rm1_0.sender_id left join favourites_table fl1_0 on fl1_0.id=s1_0.favourite_id where rm1_0.receiver_id=?
Hibernate: select sm1_0.sender_id,sm1_0.id,sm1_0.date,sm1_0.msg,r1_0.id,r1_0.email,fl1_0.id,fl1_0.total,r1_0.first_name,r1_0.last_name,r1_0.password,r1_0.role from messages_table sm1_0 left join users_table r1_0 on r1_0.id=sm1_0.receiver_id left join favourites_table fl1_0 on fl1_0.id=r1_0.favourite_id where sm1_0.sender_id=?
Hibernate: select a1_0.user_id,a1_0.id,c1_0.id,c1_0.category_name,a1_0.date,a1_0.description,a1_0.discount,a1_0.imageurl,a1_0.new_price,a1_0.price,a1_0.title from announces_table a1_0 left join categories_table c1_0 on c1_0.id=a1_0.category_id where a1_0.user_id=?
Hibernate: select rm1_0.receiver_id,rm1_0.id,rm1_0.date,rm1_0.msg,s1_0.id,s1_0.email,fl1_0.id,fl1_0.total,s1_0.first_name,s1_0.last_name,s1_0.password,s1_0.role from messages_table rm1_0 left join users_table s1_0 on s1_0.id=rm1_0.sender_id left join favourites_table fl1_0 on fl1_0.id=s1_0.favourite_id where rm1_0.receiver_id=?
Hibernate: select sm1_0.sender_id,sm1_0.id,sm1_0.date,sm1_0.msg,r1_0.id,r1_0.email,fl1_0.id,fl1_0.total,r1_0.first_name,r1_0.last_name,r1_0.password,r1_0.role from messages_table sm1_0 left join users_table r1_0 on r1_0.id=sm1_0.receiver_id left join favourites_table fl1_0 on fl1_0.id=r1_0.favourite_id where sm1_0.sender_id=?
Hibernate: delete from favourite_announcement where favourite_id=?
Hibernate: delete from favourite_announcement where favourite_id=?
Hibernate: delete from favourite_announcement where favourite_id=?
Hibernate: delete from favourite_announcement where favourite_id=?
Hibernate: delete from favourite_announcement where favourite_id=?
Hibernate: delete from favourite_announcement where favourite_id=?
Hibernate: delete from favourite_announcement where favourite_id=?
Hibernate: delete from announces_table where id=?
Hibernate: delete from announces_table where id=?
Hibernate: delete from messages_table where id=?
Hibernate: delete from messages_table where id=?
Hibernate: delete from users_table where id=?
Hibernate: delete from favourites_table where id=?
Hibernate: delete from announces_table where id=?
Hibernate: delete from announces_table where id=?
Hibernate: delete from messages_table where id=?
Hibernate: delete from messages_table where id=?
Hibernate: delete from messages_table where id=?
Hibernate: delete from messages_table where id=?
Hibernate: delete from messages_table where id=?
Hibernate: delete from users_table where id=?
Hibernate: delete from favourites_table where id=?
Hibernate: delete from announces_table where id=?
Hibernate: delete from announces_table where id=?
Hibernate: delete from announces_table where id=?
Hibernate: delete from users_table where id=?
Hibernate: delete from favourites_table where id=?
Hibernate: delete from users_table where id=?
Hibernate: delete from favourites_table where id=?
Hibernate: delete from users_table where id=?
Hibernate: delete from favourites_table where id=?
Hibernate: delete from users_table where id=?
Hibernate: delete from favourites_table where id=?
Hibernate: delete from users_table where id=?
Hibernate: delete from favourites_table where id=?
Hibernate: delete from users_table where id=?
Hibernate: select f1_0.id,f1_0.total from favourites_table f1_0
Hibernate: select u1_0.id from users_table u1_0 where upper(u1_0.email)=upper(?) fetch first ? rows only
Hibernate: insert into users_table (email,favourite_id,first_name,last_name,password,role,id) values (?,?,?,?,?,?,?)
Hibernate: insert into favourites_table (total,id) values (?,?)
Hibernate: update users_table set email=?,favourite_id=?,first_name=?,last_name=?,password=?,role=? where id=?
Hibernate: select u1_0.id from users_table u1_0 where upper(u1_0.email)=upper(?) fetch first ? rows only
Hibernate: insert into users_table (email,favourite_id,first_name,last_name,password,role,id) values (?,?,?,?,?,?,?)
Hibernate: insert into favourites_table (total,id) values (?,?)
Hibernate: update users_table set email=?,favourite_id=?,first_name=?,last_name=?,password=?,role=? where id=?
Hibernate: select u1_0.id,u1_0.email,u1_0.favourite_id,u1_0.first_name,u1_0.last_name,u1_0.password,u1_0.role from users_table u1_0
Hibernate: select u1_0.id,u1_0.email,u1_0.favourite_id,u1_0.first_name,u1_0.last_name,u1_0.password,u1_0.role from users_table u1_0
User{id='875cd094-cc47-4c3f-b7f1-c1caadd6792b', firstName='Andrei', lastName='Pop', favouriteList=3331a9b3-8af4-4703-b05b-e718eccb4d32}
User{id='8b520f9f-83a6-4089-b2e0-f94fbe1e5703', firstName='Ana', lastName='Moldovan', favouriteList=a146960e-7082-4633-8f66-424b733528bf}
Hibernate: insert into messages_table (date,msg,receiver_id,sender_id,id) values (?,?,?,?,?)
Hibernate: select m1_0.id,m1_0.date,m1_0.msg,m1_0.receiver_id,m1_0.sender_id from messages_table m1_0 left join users_table s1_0 on s1_0.id=m1_0.sender_id left join users_table r1_0 on r1_0.id=m1_0.receiver_id where s1_0.id=? and r1_0.id=?
Hibernate: select m1_0.id,m1_0.date,m1_0.msg,m1_0.receiver_id,m1_0.sender_id from messages_table m1_0 left join users_table s1_0 on s1_0.id=m1_0.sender_id left join users_table r1_0 on r1_0.id=m1_0.receiver_id where s1_0.id=? and r1_0.id=?
Message{id='44d04b63-ba11-44f6-8f16-2078e2afdf62', msg='Hello World', sender=875cd094-cc47-4c3f-b7f1-c1caadd6792b, receiver=8b520f9f-83a6-4089-b2e0-f94fbe1e5703, date=2024-07-24T15:24:01.780721700}
]]></system-out>
  </testcase>
  <testcase name="testAddToFavourite" classname="com.olxapplication.test.TestCase" time="0.136">
    <system-out><![CDATA[Hibernate: select u1_0.id,u1_0.email,u1_0.favourite_id,u1_0.first_name,u1_0.last_name,u1_0.password,u1_0.role from users_table u1_0
Hibernate: select f1_0.id,f1_0.total,u1_0.id,u1_0.email,u1_0.first_name,u1_0.last_name,u1_0.password,u1_0.role from favourites_table f1_0 left join users_table u1_0 on f1_0.id=u1_0.favourite_id where f1_0.id=?
Hibernate: select f1_0.id,f1_0.total,u1_0.id,u1_0.email,u1_0.first_name,u1_0.last_name,u1_0.password,u1_0.role from favourites_table f1_0 left join users_table u1_0 on f1_0.id=u1_0.favourite_id where f1_0.id=?
Hibernate: select f1_0.id,f1_0.total,u1_0.id,u1_0.email,u1_0.first_name,u1_0.last_name,u1_0.password,u1_0.role from favourites_table f1_0 left join users_table u1_0 on f1_0.id=u1_0.favourite_id where f1_0.id=?
Hibernate: select f1_0.id,f1_0.total,u1_0.id,u1_0.email,u1_0.first_name,u1_0.last_name,u1_0.password,u1_0.role from favourites_table f1_0 left join users_table u1_0 on f1_0.id=u1_0.favourite_id where f1_0.id=?
Hibernate: select f1_0.id,f1_0.total,u1_0.id,u1_0.email,u1_0.first_name,u1_0.last_name,u1_0.password,u1_0.role from favourites_table f1_0 left join users_table u1_0 on f1_0.id=u1_0.favourite_id where f1_0.id=?
Hibernate: select f1_0.id,f1_0.total,u1_0.id,u1_0.email,u1_0.first_name,u1_0.last_name,u1_0.password,u1_0.role from favourites_table f1_0 left join users_table u1_0 on f1_0.id=u1_0.favourite_id where f1_0.id=?
Hibernate: select f1_0.id,f1_0.total,u1_0.id,u1_0.email,u1_0.first_name,u1_0.last_name,u1_0.password,u1_0.role from favourites_table f1_0 left join users_table u1_0 on f1_0.id=u1_0.favourite_id where f1_0.id=?
Hibernate: select a1_0.user_id,a1_0.id,c1_0.id,c1_0.category_name,a1_0.date,a1_0.description,a1_0.discount,a1_0.imageurl,a1_0.new_price,a1_0.price,a1_0.title from announces_table a1_0 left join categories_table c1_0 on c1_0.id=a1_0.category_id where a1_0.user_id=?
Hibernate: select f1_0.announcement_id,f1_1.id,f1_1.total,u1_0.id,u1_0.email,u1_0.first_name,u1_0.last_name,u1_0.password,u1_0.role from favourite_announcement f1_0 join favourites_table f1_1 on f1_1.id=f1_0.favourite_id left join users_table u1_0 on f1_1.id=u1_0.favourite_id where f1_0.announcement_id=?
Hibernate: select f1_0.announcement_id,f1_1.id,f1_1.total,u1_0.id,u1_0.email,u1_0.first_name,u1_0.last_name,u1_0.password,u1_0.role from favourite_announcement f1_0 join favourites_table f1_1 on f1_1.id=f1_0.favourite_id left join users_table u1_0 on f1_1.id=u1_0.favourite_id where f1_0.announcement_id=?
Hibernate: select fa1_0.favourite_id,fa1_1.id,c1_0.id,c1_0.category_name,fa1_1.date,fa1_1.description,fa1_1.discount,fa1_1.imageurl,fa1_1.new_price,fa1_1.price,fa1_1.title,u1_0.id,u1_0.email,fl1_0.id,fl1_0.total,u1_0.first_name,u1_0.last_name,u1_0.password,u1_0.role from favourite_announcement fa1_0 join announces_table fa1_1 on fa1_1.id=fa1_0.announcement_id left join categories_table c1_0 on c1_0.id=fa1_1.category_id left join users_table u1_0 on u1_0.id=fa1_1.user_id left join favourites_table fl1_0 on fl1_0.id=u1_0.favourite_id where fa1_0.favourite_id=?
Hibernate: select fa1_0.favourite_id,fa1_1.id,c1_0.id,c1_0.category_name,fa1_1.date,fa1_1.description,fa1_1.discount,fa1_1.imageurl,fa1_1.new_price,fa1_1.price,fa1_1.title,u1_0.id,u1_0.email,fl1_0.id,fl1_0.total,u1_0.first_name,u1_0.last_name,u1_0.password,u1_0.role from favourite_announcement fa1_0 join announces_table fa1_1 on fa1_1.id=fa1_0.announcement_id left join categories_table c1_0 on c1_0.id=fa1_1.category_id left join users_table u1_0 on u1_0.id=fa1_1.user_id left join favourites_table fl1_0 on fl1_0.id=u1_0.favourite_id where fa1_0.favourite_id=?
Hibernate: select rm1_0.receiver_id,rm1_0.id,rm1_0.date,rm1_0.msg,s1_0.id,s1_0.email,fl1_0.id,fl1_0.total,s1_0.first_name,s1_0.last_name,s1_0.password,s1_0.role from messages_table rm1_0 left join users_table s1_0 on s1_0.id=rm1_0.sender_id left join favourites_table fl1_0 on fl1_0.id=s1_0.favourite_id where rm1_0.receiver_id=?
Hibernate: select sm1_0.sender_id,sm1_0.id,sm1_0.date,sm1_0.msg,r1_0.id,r1_0.email,fl1_0.id,fl1_0.total,r1_0.first_name,r1_0.last_name,r1_0.password,r1_0.role from messages_table sm1_0 left join users_table r1_0 on r1_0.id=sm1_0.receiver_id left join favourites_table fl1_0 on fl1_0.id=r1_0.favourite_id where sm1_0.sender_id=?
Hibernate: select a1_0.user_id,a1_0.id,c1_0.id,c1_0.category_name,a1_0.date,a1_0.description,a1_0.discount,a1_0.imageurl,a1_0.new_price,a1_0.price,a1_0.title from announces_table a1_0 left join categories_table c1_0 on c1_0.id=a1_0.category_id where a1_0.user_id=?
Hibernate: select f1_0.announcement_id,f1_1.id,f1_1.total,u1_0.id,u1_0.email,u1_0.first_name,u1_0.last_name,u1_0.password,u1_0.role from favourite_announcement f1_0 join favourites_table f1_1 on f1_1.id=f1_0.favourite_id left join users_table u1_0 on f1_1.id=u1_0.favourite_id where f1_0.announcement_id=?
Hibernate: select fa1_0.favourite_id,fa1_1.id,c1_0.id,c1_0.category_name,fa1_1.date,fa1_1.description,fa1_1.discount,fa1_1.imageurl,fa1_1.new_price,fa1_1.price,fa1_1.title,u1_0.id,u1_0.email,fl1_0.id,fl1_0.total,u1_0.first_name,u1_0.last_name,u1_0.password,u1_0.role from favourite_announcement fa1_0 join announces_table fa1_1 on fa1_1.id=fa1_0.announcement_id left join categories_table c1_0 on c1_0.id=fa1_1.category_id left join users_table u1_0 on u1_0.id=fa1_1.user_id left join favourites_table fl1_0 on fl1_0.id=u1_0.favourite_id where fa1_0.favourite_id=?
Hibernate: select f1_0.announcement_id,f1_1.id,f1_1.total,u1_0.id,u1_0.email,u1_0.first_name,u1_0.last_name,u1_0.password,u1_0.role from favourite_announcement f1_0 join favourites_table f1_1 on f1_1.id=f1_0.favourite_id left join users_table u1_0 on f1_1.id=u1_0.favourite_id where f1_0.announcement_id=?
Hibernate: select rm1_0.receiver_id,rm1_0.id,rm1_0.date,rm1_0.msg,s1_0.id,s1_0.email,fl1_0.id,fl1_0.total,s1_0.first_name,s1_0.last_name,s1_0.password,s1_0.role from messages_table rm1_0 left join users_table s1_0 on s1_0.id=rm1_0.sender_id left join favourites_table fl1_0 on fl1_0.id=s1_0.favourite_id where rm1_0.receiver_id=?
Hibernate: select sm1_0.sender_id,sm1_0.id,sm1_0.date,sm1_0.msg,r1_0.id,r1_0.email,fl1_0.id,fl1_0.total,r1_0.first_name,r1_0.last_name,r1_0.password,r1_0.role from messages_table sm1_0 left join users_table r1_0 on r1_0.id=sm1_0.receiver_id left join favourites_table fl1_0 on fl1_0.id=r1_0.favourite_id where sm1_0.sender_id=?
Hibernate: select a1_0.user_id,a1_0.id,c1_0.id,c1_0.category_name,a1_0.date,a1_0.description,a1_0.discount,a1_0.imageurl,a1_0.new_price,a1_0.price,a1_0.title from announces_table a1_0 left join categories_table c1_0 on c1_0.id=a1_0.category_id where a1_0.user_id=?
Hibernate: select f1_0.announcement_id,f1_1.id,f1_1.total,u1_0.id,u1_0.email,u1_0.first_name,u1_0.last_name,u1_0.password,u1_0.role from favourite_announcement f1_0 join favourites_table f1_1 on f1_1.id=f1_0.favourite_id left join users_table u1_0 on f1_1.id=u1_0.favourite_id where f1_0.announcement_id=?
Hibernate: select f1_0.announcement_id,f1_1.id,f1_1.total,u1_0.id,u1_0.email,u1_0.first_name,u1_0.last_name,u1_0.password,u1_0.role from favourite_announcement f1_0 join favourites_table f1_1 on f1_1.id=f1_0.favourite_id left join users_table u1_0 on f1_1.id=u1_0.favourite_id where f1_0.announcement_id=?
Hibernate: select f1_0.announcement_id,f1_1.id,f1_1.total,u1_0.id,u1_0.email,u1_0.first_name,u1_0.last_name,u1_0.password,u1_0.role from favourite_announcement f1_0 join favourites_table f1_1 on f1_1.id=f1_0.favourite_id left join users_table u1_0 on f1_1.id=u1_0.favourite_id where f1_0.announcement_id=?
Hibernate: select rm1_0.receiver_id,rm1_0.id,rm1_0.date,rm1_0.msg,s1_0.id,s1_0.email,fl1_0.id,fl1_0.total,s1_0.first_name,s1_0.last_name,s1_0.password,s1_0.role from messages_table rm1_0 left join users_table s1_0 on s1_0.id=rm1_0.sender_id left join favourites_table fl1_0 on fl1_0.id=s1_0.favourite_id where rm1_0.receiver_id=?
Hibernate: select sm1_0.sender_id,sm1_0.id,sm1_0.date,sm1_0.msg,r1_0.id,r1_0.email,fl1_0.id,fl1_0.total,r1_0.first_name,r1_0.last_name,r1_0.password,r1_0.role from messages_table sm1_0 left join users_table r1_0 on r1_0.id=sm1_0.receiver_id left join favourites_table fl1_0 on fl1_0.id=r1_0.favourite_id where sm1_0.sender_id=?
Hibernate: select a1_0.user_id,a1_0.id,c1_0.id,c1_0.category_name,a1_0.date,a1_0.description,a1_0.discount,a1_0.imageurl,a1_0.new_price,a1_0.price,a1_0.title from announces_table a1_0 left join categories_table c1_0 on c1_0.id=a1_0.category_id where a1_0.user_id=?
Hibernate: select rm1_0.receiver_id,rm1_0.id,rm1_0.date,rm1_0.msg,s1_0.id,s1_0.email,fl1_0.id,fl1_0.total,s1_0.first_name,s1_0.last_name,s1_0.password,s1_0.role from messages_table rm1_0 left join users_table s1_0 on s1_0.id=rm1_0.sender_id left join favourites_table fl1_0 on fl1_0.id=s1_0.favourite_id where rm1_0.receiver_id=?
Hibernate: select sm1_0.sender_id,sm1_0.id,sm1_0.date,sm1_0.msg,r1_0.id,r1_0.email,fl1_0.id,fl1_0.total,r1_0.first_name,r1_0.last_name,r1_0.password,r1_0.role from messages_table sm1_0 left join users_table r1_0 on r1_0.id=sm1_0.receiver_id left join favourites_table fl1_0 on fl1_0.id=r1_0.favourite_id where sm1_0.sender_id=?
Hibernate: select a1_0.user_id,a1_0.id,c1_0.id,c1_0.category_name,a1_0.date,a1_0.description,a1_0.discount,a1_0.imageurl,a1_0.new_price,a1_0.price,a1_0.title from announces_table a1_0 left join categories_table c1_0 on c1_0.id=a1_0.category_id where a1_0.user_id=?
Hibernate: select rm1_0.receiver_id,rm1_0.id,rm1_0.date,rm1_0.msg,s1_0.id,s1_0.email,fl1_0.id,fl1_0.total,s1_0.first_name,s1_0.last_name,s1_0.password,s1_0.role from messages_table rm1_0 left join users_table s1_0 on s1_0.id=rm1_0.sender_id left join favourites_table fl1_0 on fl1_0.id=s1_0.favourite_id where rm1_0.receiver_id=?
Hibernate: select sm1_0.sender_id,sm1_0.id,sm1_0.date,sm1_0.msg,r1_0.id,r1_0.email,fl1_0.id,fl1_0.total,r1_0.first_name,r1_0.last_name,r1_0.password,r1_0.role from messages_table sm1_0 left join users_table r1_0 on r1_0.id=sm1_0.receiver_id left join favourites_table fl1_0 on fl1_0.id=r1_0.favourite_id where sm1_0.sender_id=?
Hibernate: select a1_0.user_id,a1_0.id,c1_0.id,c1_0.category_name,a1_0.date,a1_0.description,a1_0.discount,a1_0.imageurl,a1_0.new_price,a1_0.price,a1_0.title from announces_table a1_0 left join categories_table c1_0 on c1_0.id=a1_0.category_id where a1_0.user_id=?
Hibernate: select rm1_0.receiver_id,rm1_0.id,rm1_0.date,rm1_0.msg,s1_0.id,s1_0.email,fl1_0.id,fl1_0.total,s1_0.first_name,s1_0.last_name,s1_0.password,s1_0.role from messages_table rm1_0 left join users_table s1_0 on s1_0.id=rm1_0.sender_id left join favourites_table fl1_0 on fl1_0.id=s1_0.favourite_id where rm1_0.receiver_id=?
Hibernate: select sm1_0.sender_id,sm1_0.id,sm1_0.date,sm1_0.msg,r1_0.id,r1_0.email,fl1_0.id,fl1_0.total,r1_0.first_name,r1_0.last_name,r1_0.password,r1_0.role from messages_table sm1_0 left join users_table r1_0 on r1_0.id=sm1_0.receiver_id left join favourites_table fl1_0 on fl1_0.id=r1_0.favourite_id where sm1_0.sender_id=?
Hibernate: select a1_0.user_id,a1_0.id,c1_0.id,c1_0.category_name,a1_0.date,a1_0.description,a1_0.discount,a1_0.imageurl,a1_0.new_price,a1_0.price,a1_0.title from announces_table a1_0 left join categories_table c1_0 on c1_0.id=a1_0.category_id where a1_0.user_id=?
Hibernate: select rm1_0.receiver_id,rm1_0.id,rm1_0.date,rm1_0.msg,s1_0.id,s1_0.email,fl1_0.id,fl1_0.total,s1_0.first_name,s1_0.last_name,s1_0.password,s1_0.role from messages_table rm1_0 left join users_table s1_0 on s1_0.id=rm1_0.sender_id left join favourites_table fl1_0 on fl1_0.id=s1_0.favourite_id where rm1_0.receiver_id=?
Hibernate: select sm1_0.sender_id,sm1_0.id,sm1_0.date,sm1_0.msg,r1_0.id,r1_0.email,fl1_0.id,fl1_0.total,r1_0.first_name,r1_0.last_name,r1_0.password,r1_0.role from messages_table sm1_0 left join users_table r1_0 on r1_0.id=sm1_0.receiver_id left join favourites_table fl1_0 on fl1_0.id=r1_0.favourite_id where sm1_0.sender_id=?
Hibernate: select a1_0.user_id,a1_0.id,c1_0.id,c1_0.category_name,a1_0.date,a1_0.description,a1_0.discount,a1_0.imageurl,a1_0.new_price,a1_0.price,a1_0.title from announces_table a1_0 left join categories_table c1_0 on c1_0.id=a1_0.category_id where a1_0.user_id=?
Hibernate: select rm1_0.receiver_id,rm1_0.id,rm1_0.date,rm1_0.msg,s1_0.id,s1_0.email,fl1_0.id,fl1_0.total,s1_0.first_name,s1_0.last_name,s1_0.password,s1_0.role from messages_table rm1_0 left join users_table s1_0 on s1_0.id=rm1_0.sender_id left join favourites_table fl1_0 on fl1_0.id=s1_0.favourite_id where rm1_0.receiver_id=?
Hibernate: select sm1_0.sender_id,sm1_0.id,sm1_0.date,sm1_0.msg,r1_0.id,r1_0.email,fl1_0.id,fl1_0.total,r1_0.first_name,r1_0.last_name,r1_0.password,r1_0.role from messages_table sm1_0 left join users_table r1_0 on r1_0.id=sm1_0.receiver_id left join favourites_table fl1_0 on fl1_0.id=r1_0.favourite_id where sm1_0.sender_id=?
Hibernate: delete from favourite_announcement where favourite_id=?
Hibernate: delete from favourite_announcement where favourite_id=?
Hibernate: delete from favourite_announcement where favourite_id=?
Hibernate: delete from favourite_announcement where favourite_id=?
Hibernate: delete from favourite_announcement where favourite_id=?
Hibernate: delete from favourite_announcement where favourite_id=?
Hibernate: delete from favourite_announcement where favourite_id=?
Hibernate: delete from announces_table where id=?
Hibernate: delete from announces_table where id=?
Hibernate: delete from messages_table where id=?
Hibernate: delete from messages_table where id=?
Hibernate: delete from users_table where id=?
Hibernate: delete from favourites_table where id=?
Hibernate: delete from announces_table where id=?
Hibernate: delete from announces_table where id=?
Hibernate: delete from messages_table where id=?
Hibernate: delete from messages_table where id=?
Hibernate: delete from messages_table where id=?
Hibernate: delete from messages_table where id=?
Hibernate: delete from messages_table where id=?
Hibernate: delete from users_table where id=?
Hibernate: delete from favourites_table where id=?
Hibernate: delete from announces_table where id=?
Hibernate: delete from announces_table where id=?
Hibernate: delete from announces_table where id=?
Hibernate: delete from users_table where id=?
Hibernate: delete from favourites_table where id=?
Hibernate: delete from users_table where id=?
Hibernate: delete from favourites_table where id=?
Hibernate: delete from users_table where id=?
Hibernate: delete from favourites_table where id=?
Hibernate: delete from users_table where id=?
Hibernate: delete from favourites_table where id=?
Hibernate: delete from users_table where id=?
Hibernate: delete from favourites_table where id=?
Hibernate: delete from users_table where id=?
Hibernate: select f1_0.id,f1_0.total from favourites_table f1_0
Hibernate: select u1_0.id from users_table u1_0 where upper(u1_0.email)=upper(?) fetch first ? rows only
Hibernate: insert into users_table (email,favourite_id,first_name,last_name,password,role,id) values (?,?,?,?,?,?,?)
Hibernate: insert into favourites_table (total,id) values (?,?)
Hibernate: update users_table set email=?,favourite_id=?,first_name=?,last_name=?,password=?,role=? where id=?
Hibernate: select u1_0.id from users_table u1_0 where upper(u1_0.email)=upper(?) fetch first ? rows only
Hibernate: insert into users_table (email,favourite_id,first_name,last_name,password,role,id) values (?,?,?,?,?,?,?)
Hibernate: insert into favourites_table (total,id) values (?,?)
Hibernate: update users_table set email=?,favourite_id=?,first_name=?,last_name=?,password=?,role=? where id=?
Hibernate: select u1_0.id,u1_0.email,u1_0.favourite_id,u1_0.first_name,u1_0.last_name,u1_0.password,u1_0.role from users_table u1_0
User{id='b01ddabc-eed1-466e-9a6b-b19fe6f2d25f', firstName='Andrei', lastName='Pop', favouriteList=5db71b6b-7f67-462a-917d-2b6355a4a966}
User{id='023c69ec-dad6-4dc5-8dcf-d3ca0fab07a9', firstName='Ana', lastName='Moldovan', favouriteList=8d99a6f5-9026-4789-a638-2916a6b55b1c}
Hibernate: insert into categories_table (category_name,id) values (?,?)
Hibernate: select c1_0.id,c1_0.category_name from categories_table c1_0
Hibernate: select a1_0.category_id,a1_0.id,a1_0.date,a1_0.description,a1_0.discount,a1_0.imageurl,a1_0.new_price,a1_0.price,a1_0.title,u1_0.id,u1_0.email,fl1_0.id,fl1_0.total,u1_0.first_name,u1_0.last_name,u1_0.password,u1_0.role from announces_table a1_0 left join users_table u1_0 on u1_0.id=a1_0.user_id left join favourites_table fl1_0 on fl1_0.id=u1_0.favourite_id where a1_0.category_id=?
Hibernate: select a1_0.category_id,a1_0.id,a1_0.date,a1_0.description,a1_0.discount,a1_0.imageurl,a1_0.new_price,a1_0.price,a1_0.title,u1_0.id,u1_0.email,fl1_0.id,fl1_0.total,u1_0.first_name,u1_0.last_name,u1_0.password,u1_0.role from announces_table a1_0 left join users_table u1_0 on u1_0.id=a1_0.user_id left join favourites_table fl1_0 on fl1_0.id=u1_0.favourite_id where a1_0.category_id=?
Hibernate: select a1_0.category_id,a1_0.id,a1_0.date,a1_0.description,a1_0.discount,a1_0.imageurl,a1_0.new_price,a1_0.price,a1_0.title,u1_0.id,u1_0.email,fl1_0.id,fl1_0.total,u1_0.first_name,u1_0.last_name,u1_0.password,u1_0.role from announces_table a1_0 left join users_table u1_0 on u1_0.id=a1_0.user_id left join favourites_table fl1_0 on fl1_0.id=u1_0.favourite_id where a1_0.category_id=?
Hibernate: select a1_0.category_id,a1_0.id,a1_0.date,a1_0.description,a1_0.discount,a1_0.imageurl,a1_0.new_price,a1_0.price,a1_0.title,u1_0.id,u1_0.email,fl1_0.id,fl1_0.total,u1_0.first_name,u1_0.last_name,u1_0.password,u1_0.role from announces_table a1_0 left join users_table u1_0 on u1_0.id=a1_0.user_id left join favourites_table fl1_0 on fl1_0.id=u1_0.favourite_id where a1_0.category_id=?
Hibernate: select a1_0.category_id,a1_0.id,a1_0.date,a1_0.description,a1_0.discount,a1_0.imageurl,a1_0.new_price,a1_0.price,a1_0.title,u1_0.id,u1_0.email,fl1_0.id,fl1_0.total,u1_0.first_name,u1_0.last_name,u1_0.password,u1_0.role from announces_table a1_0 left join users_table u1_0 on u1_0.id=a1_0.user_id left join favourites_table fl1_0 on fl1_0.id=u1_0.favourite_id where a1_0.category_id=?
Hibernate: select a1_0.category_id,a1_0.id,a1_0.date,a1_0.description,a1_0.discount,a1_0.imageurl,a1_0.new_price,a1_0.price,a1_0.title,u1_0.id,u1_0.email,fl1_0.id,fl1_0.total,u1_0.first_name,u1_0.last_name,u1_0.password,u1_0.role from announces_table a1_0 left join users_table u1_0 on u1_0.id=a1_0.user_id left join favourites_table fl1_0 on fl1_0.id=u1_0.favourite_id where a1_0.category_id=?
Hibernate: select a1_0.category_id,a1_0.id,a1_0.date,a1_0.description,a1_0.discount,a1_0.imageurl,a1_0.new_price,a1_0.price,a1_0.title,u1_0.id,u1_0.email,fl1_0.id,fl1_0.total,u1_0.first_name,u1_0.last_name,u1_0.password,u1_0.role from announces_table a1_0 left join users_table u1_0 on u1_0.id=a1_0.user_id left join favourites_table fl1_0 on fl1_0.id=u1_0.favourite_id where a1_0.category_id=?
Hibernate: select a1_0.category_id,a1_0.id,a1_0.date,a1_0.description,a1_0.discount,a1_0.imageurl,a1_0.new_price,a1_0.price,a1_0.title,u1_0.id,u1_0.email,fl1_0.id,fl1_0.total,u1_0.first_name,u1_0.last_name,u1_0.password,u1_0.role from announces_table a1_0 left join users_table u1_0 on u1_0.id=a1_0.user_id left join favourites_table fl1_0 on fl1_0.id=u1_0.favourite_id where a1_0.category_id=?
Hibernate: insert into announces_table (category_id,date,description,discount,imageurl,new_price,price,title,user_id,id) values (?,?,?,?,?,?,?,?,?,?)
Hibernate: select a1_0.id,a1_0.category_id,a1_0.date,a1_0.description,a1_0.discount,a1_0.imageurl,a1_0.new_price,a1_0.price,a1_0.title,a1_0.user_id from announces_table a1_0 left join users_table u1_0 on u1_0.id=a1_0.user_id where u1_0.id=?
Hibernate: select f1_0.id,f1_0.total from favourites_table f1_0 left join users_table u1_0 on f1_0.id=u1_0.favourite_id where u1_0.id=?
Hibernate: select u1_0.id,u1_0.email,u1_0.favourite_id,u1_0.first_name,u1_0.last_name,u1_0.password,u1_0.role from users_table u1_0
User{id='b01ddabc-eed1-466e-9a6b-b19fe6f2d25f', firstName='Andrei', lastName='Pop', favouriteList=5db71b6b-7f67-462a-917d-2b6355a4a966}
User{id='023c69ec-dad6-4dc5-8dcf-d3ca0fab07a9', firstName='Ana', lastName='Moldovan', favouriteList=8d99a6f5-9026-4789-a638-2916a6b55b1c}
Hibernate: update favourites_table set total=? where id=?
Hibernate: insert into favourite_announcement (favourite_id,announcement_id) values (?,?)
Hibernate: select f1_0.id,f1_0.total from favourites_table f1_0 left join users_table u1_0 on f1_0.id=u1_0.favourite_id where u1_0.id=?
8d99a6f5-9026-4789-a638-2916a6b55b1c
]]></system-out>
  </testcase>
</testsuite>